<?xml version="1.0" encoding="UTF-8"?>
<testng-results ignored="0" total="1" passed="1" failed="0" skipped="0">
  <reporter-output>
  </reporter-output>
  <suite started-at="2023-09-17T13:49:20 IST" name="Default suite" finished-at="2023-09-17T13:49:21 IST" duration-ms="48">
    <groups>
    </groups>
    <test started-at="2023-09-17T13:49:20 IST" name="Default test" finished-at="2023-09-17T13:49:21 IST" duration-ms="48">
      <class name="practise.Practisee">
        <test-method signature="sample()[pri:0, instance:practise.Practisee@12b0404f]" started-at="2023-09-17T13:49:21 IST" name="sample" finished-at="2023-09-17T13:49:21 IST" duration-ms="10" status="PASS">
          <reporter-output>
          </reporter-output>
        </test-method> <!-- sample -->
      </class> <!-- practise.Practisee -->
    </test> <!-- Default test -->
  </suite> <!-- Default suite -->
</testng-results>
