<?xml version="1.0" encoding="UTF-8"?>
<testng-results ignored="0" total="1" passed="1" failed="0" skipped="0">
  <reporter-output>
  </reporter-output>
  <suite started-at="2023-09-18T21:12:29 IST" name="Default suite" finished-at="2023-09-18T21:12:29 IST" duration-ms="54">
    <groups>
    </groups>
    <test started-at="2023-09-18T21:12:29 IST" name="Default test" finished-at="2023-09-18T21:12:29 IST" duration-ms="54">
      <class name="practise.AjitGitDemo">
        <test-method signature="demoA()[pri:0, instance:practise.AjitGitDemo@12b0404f]" started-at="2023-09-18T21:12:29 IST" name="demoA" finished-at="2023-09-18T21:12:29 IST" duration-ms="13" status="PASS">
          <reporter-output>
          </reporter-output>
        </test-method> <!-- demoA -->
      </class> <!-- practise.AjitGitDemo -->
    </test> <!-- Default test -->
  </suite> <!-- Default suite -->
</testng-results>
